Flow report for cLock
Fri Dec 08 13:49:13 2017
Quartus Prime Version 15.1.0 Build 185 10/21/2015 SJ Lite Edition


---------------------
; Table of Contents ;
---------------------
  1. Legal Notice
  2. Flow Summary
  3. Flow Settings
  4. Flow Non-Default Global Settings
  5. Flow Elapsed Time
  6. Flow OS Summary
  7. Flow Log
  8. Flow Messages
  9. Flow Suppressed Messages



----------------
; Legal Notice ;
----------------
Copyright (C) 1991-2015 Altera Corporation. All rights reserved.
Your use of Altera Corporation's design tools, logic functions 
and other software and tools, and its AMPP partner logic 
functions, and any output files from any of the foregoing 
(including device programming or simulation files), and any 
associated documentation or information are expressly subject 
to the terms and conditions of the Altera Program License 
Subscription Agreement, the Altera Quartus Prime License Agreement,
the Altera MegaCore Function License Agreement, or other 
applicable license agreement, including, without limitation, 
that your use is for the sole purpose of programming logic 
devices manufactured by Altera and sold by Altera or its 
authorized distributors.  Please refer to the applicable 
agreement for further details.



+-------------------------------------------------------------------------------+
; Flow Summary                                                                  ;
+---------------------------------+---------------------------------------------+
; Flow Status                     ; Successful - Fri Dec 08 13:49:13 2017       ;
; Quartus Prime Version           ; 15.1.0 Build 185 10/21/2015 SJ Lite Edition ;
; Revision Name                   ; cLock                                       ;
; Top-level Entity Name           ; Block2                                      ;
; Family                          ; Cyclone V                                   ;
; Device                          ; 5CSEMA5F31C6                                ;
; Timing Models                   ; Final                                       ;
; Logic utilization (in ALMs)     ; 55 / 32,070 ( < 1 % )                       ;
; Total registers                 ; 54                                          ;
; Total pins                      ; 16 / 457 ( 4 % )                            ;
; Total virtual pins              ; 0                                           ;
; Total block memory bits         ; 0 / 4,065,280 ( 0 % )                       ;
; Total DSP Blocks                ; 0 / 87 ( 0 % )                              ;
; Total HSSI RX PCSs              ; 0                                           ;
; Total HSSI PMA RX Deserializers ; 0                                           ;
; Total HSSI TX PCSs              ; 0                                           ;
; Total HSSI PMA TX Serializers   ; 0                                           ;
; Total PLLs                      ; 0 / 6 ( 0 % )                               ;
; Total DLLs                      ; 0 / 4 ( 0 % )                               ;
+---------------------------------+---------------------------------------------+


+-----------------------------------------+
; Flow Settings                           ;
+-------------------+---------------------+
; Option            ; Setting             ;
+-------------------+---------------------+
; Start date & time ; 12/08/2017 13:43:10 ;
; Main task         ; Compilation         ;
; Revision Name     ; cLock               ;
+-------------------+---------------------+


+---------------------------------------------------------------------------------------------------------------------+
; Flow Non-Default Global Settings                                                                                    ;
+-------------------------------------+--------------------------------+---------------+-------------+----------------+
; Assignment Name                     ; Value                          ; Default Value ; Entity Name ; Section Id     ;
+-------------------------------------+--------------------------------+---------------+-------------+----------------+
; COMPILER_SIGNATURE_ID               ; 53214321500294.151273339012388 ; --            ; --          ; --             ;
; EDA_OUTPUT_DATA_FORMAT              ; Verilog Hdl                    ; --            ; --          ; eda_simulation ;
; EDA_SIMULATION_TOOL                 ; ModelSim (Verilog)             ; <None>        ; --          ; --             ;
; EDA_TIME_SCALE                      ; 1 ps                           ; --            ; --          ; eda_simulation ;
; MAX_CORE_JUNCTION_TEMP              ; 85                             ; --            ; --          ; --             ;
; MIN_CORE_JUNCTION_TEMP              ; 0                              ; --            ; --          ; --             ;
; MISC_FILE                           ; myMux.bsf                      ; --            ; --          ; --             ;
; MISC_FILE                           ; myMux_bb.v                     ; --            ; --          ; --             ;
; MISC_FILE                           ; myCount.bsf                    ; --            ; --          ; --             ;
; MISC_FILE                           ; myCount_bb.v                   ; --            ; --          ; --             ;
; MISC_FILE                           ; myComparator.bsf               ; --            ; --          ; --             ;
; MISC_FILE                           ; myComparator_bb.v              ; --            ; --          ; --             ;
; MISC_FILE                           ; newCounter.bsf                 ; --            ; --          ; --             ;
; MISC_FILE                           ; newCounter_bb.v                ; --            ; --          ; --             ;
; MISC_FILE                           ; myNewMux.bsf                   ; --            ; --          ; --             ;
; MISC_FILE                           ; myNewMux_bb.v                  ; --            ; --          ; --             ;
; MISC_FILE                           ; counter.bsf                    ; --            ; --          ; --             ;
; MISC_FILE                           ; counter_bb.v                   ; --            ; --          ; --             ;
; PARTITION_COLOR                     ; 16764057                       ; --            ; Block2      ; Top            ;
; PARTITION_FITTER_PRESERVATION_LEVEL ; PLACEMENT_AND_ROUTING          ; --            ; Block2      ; Top            ;
; PARTITION_NETLIST_TYPE              ; SOURCE                         ; --            ; Block2      ; Top            ;
; PROJECT_OUTPUT_DIRECTORY            ; output_files                   ; --            ; --          ; --             ;
; TOP_LEVEL_ENTITY                    ; Block2                         ; cLock         ; --          ; --             ;
+-------------------------------------+--------------------------------+---------------+-------------+----------------+


+-------------------------------------------------------------------------------------------------------------------------------+
; Flow Elapsed Time                                                                                                             ;
+---------------------------+--------------+-------------------------+---------------------+------------------------------------+
; Module Name               ; Elapsed Time ; Average Processors Used ; Peak Virtual Memory ; Total CPU Time (on all processors) ;
+---------------------------+--------------+-------------------------+---------------------+------------------------------------+
; Analysis & Synthesis      ; 00:00:34     ; 1.0                     ; 860 MB              ; 00:01:27                           ;
; Fitter                    ; 00:03:00     ; 1.0                     ; 2148 MB             ; 00:03:35                           ;
; Assembler                 ; 00:00:41     ; 1.0                     ; 895 MB              ; 00:00:40                           ;
; TimeQuest Timing Analyzer ; 00:00:22     ; 1.0                     ; 1146 MB             ; 00:00:21                           ;
; EDA Netlist Writer        ; 00:00:05     ; 1.0                     ; 789 MB              ; 00:00:04                           ;
; Total                     ; 00:04:42     ; --                      ; --                  ; 00:06:07                           ;
+---------------------------+--------------+-------------------------+---------------------+------------------------------------+


+----------------------------------------------------------------------------------------+
; Flow OS Summary                                                                        ;
+---------------------------+------------------+-----------+------------+----------------+
; Module Name               ; Machine Hostname ; OS Name   ; OS Version ; Processor type ;
+---------------------------+------------------+-----------+------------+----------------+
; Analysis & Synthesis      ; DESKTOP-5MO5J1J  ; Windows 8 ; 6.2        ; x86_64         ;
; Fitter                    ; DESKTOP-5MO5J1J  ; Windows 8 ; 6.2        ; x86_64         ;
; Assembler                 ; DESKTOP-5MO5J1J  ; Windows 8 ; 6.2        ; x86_64         ;
; TimeQuest Timing Analyzer ; DESKTOP-5MO5J1J  ; Windows 8 ; 6.2        ; x86_64         ;
; EDA Netlist Writer        ; DESKTOP-5MO5J1J  ; Windows 8 ; 6.2        ; x86_64         ;
+---------------------------+------------------+-----------+------------+----------------+


------------
; Flow Log ;
------------
quartus_map --read_settings_files=on --write_settings_files=off cLock -c cLock
quartus_fit --read_settings_files=off --write_settings_files=off cLock -c cLock
quartus_asm --read_settings_files=off --write_settings_files=off cLock -c cLock
quartus_sta cLock -c cLock
quartus_eda --read_settings_files=off --write_settings_files=off cLock -c cLock



